<?xml version="1.0" encoding="UTF-8" ?>
<testsuite errors="1" failures="3" hostname="x86-linux1" name="net.cars.engine.PistonTest" tests="5" time="0.231" timestamp="2006-10-02T19:37:24">
  <properties>
[...]
</properties>
  <testcase classname="net.cars.engine.PistonTest" name="moveUp" time="0.057">
    <error message="test timed out after 1 milliseconds" type="java.lang.Exception">java.lang.Exception: test timed out after 1 milliseconds
</error>
  </testcase>
  <testcase classname="net.cars.engine.PistonTest" name="moveDown" time="0.038" />
  <testcase classname="net.cars.engine.PistonTest" name="checkSpeed" time="0.017">
    <failure message="Plunger upward speed below specifications." type="junit.framework.AssertionFailedError">junit.framework.AssertionFailedError: Plunger upward speed below specifications.
	at net.cars.engine.PistonTest.checkSpeed(PistonTest.java:47)
</failure>
  </testcase>
  <testcase classname="net.cars.engine.PistonTest" name="lubricate" time="0.017">
    <failure message="Failed to lubricate the plunger." type="junit.framework.AssertionFailedError">junit.framework.AssertionFailedError: Failed to lubricate the plunger.
	at net.cars.engine.PistonTest.lubricate(PistonTest.java:52)
</failure>
  </testcase>
  <testcase classname="net.cars.engine.PistonTest" name="checkStatus" time="0.019">
    <failure message="Plunger status invalid to proceed driving." type="junit.framework.AssertionFailedError">junit.framework.AssertionFailedError: Plunger status invalid to proceed driving.
	at net.cars.engine.PistonTest.checkStatus(PistonTest.java:42)
</failure>
  </testcase>
  <system-out><![CDATA[Slowly moving up]]></system-out>
  <system-err><![CDATA[]]></system-err>
</testsuite>
