<?xml version="1.0" encoding="UTF-8" ?>
<testsuite errors="1" failures="3" hostname="x86-linux1" name="net.cars.engine.PistonTest" tests="5" time="0.231" timestamp="2006-10-02T19:37:24">
  <properties>
    <property name="java.runtime.name" value="Java(TM) 2 Runtime Environment, Standard Edition" />
    <property name="checkstyle.home" value="/home/users/j/ja/jancumps/library_home/checkstyle/checkstyle-4.1" />
    <property name="sun.boot.library.path" value="/usr/lib/j2sdk1.5-sun/jre/lib/i386" />
    <property name="java.vm.version" value="1.5.0_06-b05" />
    <property name="ant.library.dir" value="/home/users/j/ja/jancumps/ant/lib" />
    <property name="ant.version" value="Apache Ant version 1.7.0Beta2 compiled on September 28 2006" />
    <property name="ant.java.version" value="1.5" />
    <property name="java.vm.vendor" value="Sun Microsystems Inc." />
    <property name="java.vendor.url" value="http://java.sun.com/" />
    <property name="path.separator" value=":" />
    <property name="java.vm.name" value="Java HotSpot(TM) Client VM" />
    <property name="file.encoding.pkg" value="sun.io" />
    <property name="user.country" value="US" />
    <property name="sun.os.patch.level" value="unknown" />
    <property name="java.vm.specification.name" value="Java Virtual Machine Specification" />
    <property name="user.dir" value="/home/users/j/ja/jancumps/JunitExample" />
    <property name="checkstyle.jar" value="/home/users/j/ja/jancumps/library_home/checkstyle/checkstyle-4.1/checkstyle-all-4.1.jar" />
    <property name="java.runtime.version" value="1.5.0_06-b05" />
    <property name="java.awt.graphicsenv" value="sun.awt.X11GraphicsEnvironment" />
    <property name="basedir" value="/home/users/j/ja/jancumps/JunitExample" />
    <property name="java.endorsed.dirs" value="/usr/lib/j2sdk1.5-sun/jre/lib/endorsed" />
    <property name="os.arch" value="i386" />
    <property name="java.io.tmpdir" value="/tmp" />
    <property name="ant.core.lib" value="/home/users/j/ja/jancumps/ant/lib/ant.jar" />
    <property name="line.separator" value="
" />
    <property name="java.vm.specification.vendor" value="Sun Microsystems Inc." />
    <property name="os.name" value="Linux" />
    <property name="DSTAMP" value="20061002" />
    <property name="ant.home" value="/home/users/j/ja/jancumps/ant" />
    <property name="build.dir" value="build" />
    <property name="ant.project.name" value="Engine Diagnostic Tests" />
    <property name="sun.jnu.encoding" value="ANSI_X3.4-1968" />
    <property name="TODAY" value="October 2 2006" />
    <property name="java.library.path" value="/usr/lib/j2sdk1.5-sun/jre/lib/i386/client:/usr/lib/j2sdk1.5-sun/jre/lib/i386:/usr/lib/j2sdk1.5-sun/jre/../lib/i386" />
    <property name="checkstyle.config" value="/home/users/j/ja/jancumps/library_home/checkstyle/checkstyle-4.1/sun_checks.xml" />
    <property name="java.class.version" value="49.0" />
    <property name="java.specification.name" value="Java Platform API Specification" />
    <property name="sun.management.compiler" value="HotSpot Client Compiler" />
    <property name="library_home" value="/home/users/j/ja/jancumps/library_home" />
    <property name="os.version" value="2.6.8-2-386" />
    <property name="ant.file" value="/home/users/j/ja/jancumps/JunitExample/build.xml" />
    <property name="user.home" value="/home/users/j/ja/jancumps" />
    <property name="user.timezone" value="" />
    <property name="java.awt.printerjob" value="sun.print.PSPrinterJob" />
    <property name="java.specification.version" value="1.5" />
    <property name="file.encoding" value="ANSI_X3.4-1968" />
    <property name="TSTAMP" value="1237" />
    <property name="java.class.path" value="/home/users/j/ja/jancumps/library_home/junit/junit41/junit-4.1.jar:/home/users/j/ja/jancumps/JunitExample/build/src:/home/users/j/ja/jancumps/JunitExample/build/tst:/home/users/j/ja/jancumps/ant/lib/ant-launcher.jar:/home/users/j/ja/jancumps/ant/lib/ant.jar:/home/users/j/ja/jancumps/ant/lib/ant-junit.jar" />
    <property name="user.name" value="jancumps" />
    <property name="java.vm.specification.version" value="1.0" />
    <property name="java.home" value="/usr/lib/j2sdk1.5-sun/jre" />
    <property name="sun.arch.data.model" value="32" />
    <property name="fop.dir" value="/home/users/j/ja/jancumps/library_home/apache/xml/fop/fop-trunk" />
    <property name="ant.file.Engine Diagnostic Tests" value="/home/users/j/ja/jancumps/JunitExample/build.xml" />
    <property name="java.specification.vendor" value="Sun Microsystems Inc." />
    <property name="user.language" value="en" />
    <property name="checkstyle.xsl" value="/home/users/j/ja/jancumps/library_home/checkstyle/checkstyle-4.1/contrib/checkstyle-noframes.xsl" />
    <property name="java.vm.info" value="mixed mode, sharing" />
    <property name="junit.jar" value="/home/users/j/ja/jancumps/library_home/junit/junit41/junit-4.1.jar" />
    <property name="java.version" value="1.5.0_06" />
    <property name="java.ext.dirs" value="/usr/lib/j2sdk1.5-sun/jre/lib/ext" />
    <property name="sun.boot.class.path" value="/usr/lib/j2sdk1.5-sun/jre/lib/rt.jar:/usr/lib/j2sdk1.5-sun/jre/lib/i18n.jar:/usr/lib/j2sdk1.5-sun/jre/lib/sunrsasign.jar:/usr/lib/j2sdk1.5-sun/jre/lib/jsse.jar:/usr/lib/j2sdk1.5-sun/jre/lib/jce.jar:/usr/lib/j2sdk1.5-sun/jre/lib/charsets.jar:/usr/lib/j2sdk1.5-sun/jre/classes" />
    <property name="java.vendor" value="Sun Microsystems Inc." />
    <property name="file.separator" value="/" />
    <property name="java.vendor.url.bug" value="http://java.sun.com/cgi-bin/bugreport.cgi" />
    <property name="sun.io.unicode.encoding" value="UnicodeLittle" />
    <property name="sun.cpu.endian" value="little" />
    <property name="sun.cpu.isalist" value="" />
  </properties>
  <testcase classname="net.cars.engine.PistonTest" name="moveUp" time="0.057">
    <error message="test timed out after 1 milliseconds" type="java.lang.Exception">java.lang.Exception: test timed out after 1 milliseconds
</error>
  </testcase>
  <testcase classname="net.cars.engine.PistonTest" name="moveDown" time="0.038" />
  <testcase classname="net.cars.engine.PistonTest" name="checkSpeed" time="0.017">
    <failure message="Plunger upward speed below specifications." type="junit.framework.AssertionFailedError">junit.framework.AssertionFailedError: Plunger upward speed below specifications.
	at net.cars.engine.PistonTest.checkSpeed(PistonTest.java:47)
</failure>
  </testcase>
  <testcase classname="net.cars.engine.PistonTest" name="lubricate" time="0.017">
    <failure message="Failed to lubricate the plunger." type="junit.framework.AssertionFailedError">junit.framework.AssertionFailedError: Failed to lubricate the plunger.
	at net.cars.engine.PistonTest.lubricate(PistonTest.java:52)
</failure>
  </testcase>
  <testcase classname="net.cars.engine.PistonTest" name="checkStatus" time="0.019">
    <failure message="Plunger status invalid to proceed driving." type="junit.framework.AssertionFailedError">junit.framework.AssertionFailedError: Plunger status invalid to proceed driving.
	at net.cars.engine.PistonTest.checkStatus(PistonTest.java:42)
</failure>
  </testcase>
  <system-out><![CDATA[Slowly moving up]]></system-out>
  <system-err><![CDATA[]]></system-err>
</testsuite>
